[debug] [2022-01-25T02:18:30.687Z] ----------------------------------------------------------------------
[debug] [2022-01-25T02:18:30.689Z] Command:       C:\Program Files\nodejs\node.exe C:\Users\user\AppData\Roaming\npm\node_modules\firebase-tools\lib\bin\firebase.js init
[debug] [2022-01-25T02:18:30.689Z] CLI Version:   10.1.2
[debug] [2022-01-25T02:18:30.689Z] Platform:      win32
[debug] [2022-01-25T02:18:30.689Z] Node Version:  v16.13.0
[debug] [2022-01-25T02:18:30.691Z] Time:          Tue Jan 25 2022 11:18:30 GMT+0900 (대한민국 표준시)
[debug] [2022-01-25T02:18:30.691Z] ----------------------------------------------------------------------
[debug] 
[debug] [2022-01-25T02:18:30.698Z] > command requires scopes: ["email","openid","https://www.googleapis.com/auth/cloudplatformprojects.readonly","https://www.googleapis.com/auth/firebase","https://www.googleapis.com/auth/cloud-platform"]
[debug] [2022-01-25T02:18:30.699Z] > authorizing via signed-in user (now20412041@gmail.com)
[info] 
     ######## #### ########  ######## ########     ###     ######  ########
     ##        ##  ##     ## ##       ##     ##  ##   ##  ##       ##
     ######    ##  ########  ######   ########  #########  ######  ######
     ##        ##  ##    ##  ##       ##     ## ##     ##       ## ##
     ##       #### ##     ## ######## ########  ##     ##  ######  ########

You're about to initialize a Firebase project in this directory:

  C:\Users\user\Desktop\리액트\S06P12D205\frontend

[info] 
=== Project Setup
[info] 
[info] First, let's associate this project directory with a Firebase project.
[info] You can create multiple project aliases by running firebase use --add, 
[info] but for now we'll just set up a default project.
[info] 
[debug] [2022-01-25T02:19:13.754Z] ----------------------------------------------------------------------
[debug] [2022-01-25T02:19:13.755Z] Command:       C:\Program Files\nodejs\node.exe C:\Users\user\AppData\Roaming\npm\node_modules\firebase-tools\lib\bin\firebase.js init
[debug] [2022-01-25T02:19:13.756Z] CLI Version:   10.1.2
[debug] [2022-01-25T02:19:13.756Z] Platform:      win32
[debug] [2022-01-25T02:19:13.756Z] Node Version:  v16.13.0
[debug] [2022-01-25T02:19:13.757Z] Time:          Tue Jan 25 2022 11:19:13 GMT+0900 (대한민국 표준시)
[debug] [2022-01-25T02:19:13.757Z] ----------------------------------------------------------------------
[debug] 
[debug] [2022-01-25T02:19:13.764Z] > command requires scopes: ["email","openid","https://www.googleapis.com/auth/cloudplatformprojects.readonly","https://www.googleapis.com/auth/firebase","https://www.googleapis.com/auth/cloud-platform"]
[debug] [2022-01-25T02:19:13.765Z] > authorizing via signed-in user (now20412041@gmail.com)
[info] 
     ######## #### ########  ######## ########     ###     ######  ########
     ##        ##  ##     ## ##       ##     ##  ##   ##  ##       ##
     ######    ##  ########  ######   ########  #########  ######  ######
     ##        ##  ##    ##  ##       ##     ## ##     ##       ## ##
     ##       #### ##     ## ######## ########  ##     ##  ######  ########

You're about to initialize a Firebase project in this directory:

  C:\Users\user\Desktop\리액트\S06P12D205\frontend

[info] 
=== Project Setup
[info] 
[info] First, let's associate this project directory with a Firebase project.
[info] You can create multiple project aliases by running firebase use --add, 
[info] but for now we'll just set up a default project.
[info] 
